10:19:45.944: [Warning] [: 0]：QAxBase::setControl: requested control BarTender.Application could not be instantiated
10:19:46.151: [Debug] [MLabel\MForm_PrintSetting.cpp: 99]：打印机名称： "" ""
10:19:46.187: [Warning] [: 0]：QAxBase::setControl: requested control {63885648-1785-41a4-82d5-c578d29e4da8} could not be instantiated
10:19:46.187: [Debug] [MFormJLStation.cpp: 22]：[PLC] ActUtlType control init failed
10:19:48.137: [Debug] [MMYSQL\MFormMysql.cpp: 360]："链接数据库失败[Microsoft][ODBC 驱动程序管理器] 未发现数据源名称并且未指定默认驱动程序 QODBC3: Unable to connect"
10:19:49.149: [Debug] [MMYSQL\MFormMysql.cpp: 360]："链接数据库失败[Microsoft][ODBC 驱动程序管理器] 未发现数据源名称并且未指定默认驱动程序 QODBC3: Unable to connect"
10:19:50.164: [Debug] [MMYSQL\MFormMysql.cpp: 360]："链接数据库失败[Microsoft][ODBC 驱动程序管理器] 未发现数据源名称并且未指定默认驱动程序 QODBC3: Unable to connect"
10:19:51.182: [Debug] [MMYSQL\MFormMysql.cpp: 360]："链接数据库失败[Microsoft][ODBC 驱动程序管理器] 未发现数据源名称并且未指定默认驱动程序 QODBC3: Unable to connect"
10:19:52.193: [Debug] [MMYSQL\MFormMysql.cpp: 360]："链接数据库失败[Microsoft][ODBC 驱动程序管理器] 未发现数据源名称并且未指定默认驱动程序 QODBC3: Unable to connect"
10:19:53.209: [Debug] [MMYSQL\MFormMysql.cpp: 360]："链接数据库失败[Microsoft][ODBC 驱动程序管理器] 未发现数据源名称并且未指定默认驱动程序 QODBC3: Unable to connect"
10:19:54.217: [Debug] [MMYSQL\MFormMysql.cpp: 360]："链接数据库失败[Microsoft][ODBC 驱动程序管理器] 未发现数据源名称并且未指定默认驱动程序 QODBC3: Unable to connect"
10:19:55.235: [Debug] [MMYSQL\MFormMysql.cpp: 360]："链接数据库失败[Microsoft][ODBC 驱动程序管理器] 未发现数据源名称并且未指定默认驱动程序 QODBC3: Unable to connect"
10:19:56.249: [Debug] [MMYSQL\MFormMysql.cpp: 360]："链接数据库失败[Microsoft][ODBC 驱动程序管理器] 未发现数据源名称并且未指定默认驱动程序 QODBC3: Unable to connect"
10:19:57.271: [Debug] [MMYSQL\MFormMysql.cpp: 360]："链接数据库失败[Microsoft][ODBC 驱动程序管理器] 未发现数据源名称并且未指定默认驱动程序 QODBC3: Unable to connect"
10:19:58.276: [Debug] [MMYSQL\MFormMysql.cpp: 360]："链接数据库失败[Microsoft][ODBC 驱动程序管理器] 未发现数据源名称并且未指定默认驱动程序 QODBC3: Unable to connect"
10:19:59.292: [Debug] [MMYSQL\MFormMysql.cpp: 360]："链接数据库失败[Microsoft][ODBC 驱动程序管理器] 未发现数据源名称并且未指定默认驱动程序 QODBC3: Unable to connect"
10:20:00.304: [Debug] [MMYSQL\MFormMysql.cpp: 360]："链接数据库失败[Microsoft][ODBC 驱动程序管理器] 未发现数据源名称并且未指定默认驱动程序 QODBC3: Unable to connect"
10:20:01.313: [Debug] [MMYSQL\MFormMysql.cpp: 360]："链接数据库失败[Microsoft][ODBC 驱动程序管理器] 未发现数据源名称并且未指定默认驱动程序 QODBC3: Unable to connect"
10:20:02.326: [Debug] [MMYSQL\MFormMysql.cpp: 360]："链接数据库失败[Microsoft][ODBC 驱动程序管理器] 未发现数据源名称并且未指定默认驱动程序 QODBC3: Unable to connect"
10:20:03.340: [Debug] [MMYSQL\MFormMysql.cpp: 360]："链接数据库失败[Microsoft][ODBC 驱动程序管理器] 未发现数据源名称并且未指定默认驱动程序 QODBC3: Unable to connect"
10:20:04.352: [Debug] [MMYSQL\MFormMysql.cpp: 360]："链接数据库失败[Microsoft][ODBC 驱动程序管理器] 未发现数据源名称并且未指定默认驱动程序 QODBC3: Unable to connect"
10:20:05.363: [Debug] [MMYSQL\MFormMysql.cpp: 360]："链接数据库失败[Microsoft][ODBC 驱动程序管理器] 未发现数据源名称并且未指定默认驱动程序 QODBC3: Unable to connect"
10:20:06.370: [Debug] [MMYSQL\MFormMysql.cpp: 360]："链接数据库失败[Microsoft][ODBC 驱动程序管理器] 未发现数据源名称并且未指定默认驱动程序 QODBC3: Unable to connect"
10:20:07.386: [Debug] [MMYSQL\MFormMysql.cpp: 360]："链接数据库失败[Microsoft][ODBC 驱动程序管理器] 未发现数据源名称并且未指定默认驱动程序 QODBC3: Unable to connect"
10:20:08.395: [Debug] [MMYSQL\MFormMysql.cpp: 360]："链接数据库失败[Microsoft][ODBC 驱动程序管理器] 未发现数据源名称并且未指定默认驱动程序 QODBC3: Unable to connect"
10:20:09.412: [Debug] [MMYSQL\MFormMysql.cpp: 360]："链接数据库失败[Microsoft][ODBC 驱动程序管理器] 未发现数据源名称并且未指定默认驱动程序 QODBC3: Unable to connect"
10:20:10.422: [Debug] [MMYSQL\MFormMysql.cpp: 360]："链接数据库失败[Microsoft][ODBC 驱动程序管理器] 未发现数据源名称并且未指定默认驱动程序 QODBC3: Unable to connect"
10:20:11.423: [Debug] [MMYSQL\MFormMysql.cpp: 360]："链接数据库失败[Microsoft][ODBC 驱动程序管理器] 未发现数据源名称并且未指定默认驱动程序 QODBC3: Unable to connect"
10:20:12.436: [Debug] [MMYSQL\MFormMysql.cpp: 360]："链接数据库失败[Microsoft][ODBC 驱动程序管理器] 未发现数据源名称并且未指定默认驱动程序 QODBC3: Unable to connect"
10:20:13.446: [Debug] [MMYSQL\MFormMysql.cpp: 360]："链接数据库失败[Microsoft][ODBC 驱动程序管理器] 未发现数据源名称并且未指定默认驱动程序 QODBC3: Unable to connect"
10:20:14.457: [Debug] [MMYSQL\MFormMysql.cpp: 360]："链接数据库失败[Microsoft][ODBC 驱动程序管理器] 未发现数据源名称并且未指定默认驱动程序 QODBC3: Unable to connect"
10:20:15.469: [Debug] [MMYSQL\MFormMysql.cpp: 360]："链接数据库失败[Microsoft][ODBC 驱动程序管理器] 未发现数据源名称并且未指定默认驱动程序 QODBC3: Unable to connect"
10:20:16.481: [Debug] [MMYSQL\MFormMysql.cpp: 360]："链接数据库失败[Microsoft][ODBC 驱动程序管理器] 未发现数据源名称并且未指定默认驱动程序 QODBC3: Unable to connect"
10:20:17.493: [Debug] [MMYSQL\MFormMysql.cpp: 360]："链接数据库失败[Microsoft][ODBC 驱动程序管理器] 未发现数据源名称并且未指定默认驱动程序 QODBC3: Unable to connect"
10:20:18.500: [Debug] [MMYSQL\MFormMysql.cpp: 360]："链接数据库失败[Microsoft][ODBC 驱动程序管理器] 未发现数据源名称并且未指定默认驱动程序 QODBC3: Unable to connect"
10:20:19.514: [Debug] [MMYSQL\MFormMysql.cpp: 360]："链接数据库失败[Microsoft][ODBC 驱动程序管理器] 未发现数据源名称并且未指定默认驱动程序 QODBC3: Unable to connect"
10:20:20.524: [Debug] [MMYSQL\MFormMysql.cpp: 360]："链接数据库失败[Microsoft][ODBC 驱动程序管理器] 未发现数据源名称并且未指定默认驱动程序 QODBC3: Unable to connect"
10:20:21.539: [Debug] [MMYSQL\MFormMysql.cpp: 360]："链接数据库失败[Microsoft][ODBC 驱动程序管理器] 未发现数据源名称并且未指定默认驱动程序 QODBC3: Unable to connect"
10:20:22.550: [Debug] [MMYSQL\MFormMysql.cpp: 360]："链接数据库失败[Microsoft][ODBC 驱动程序管理器] 未发现数据源名称并且未指定默认驱动程序 QODBC3: Unable to connect"
10:20:23.572: [Debug] [MMYSQL\MFormMysql.cpp: 360]："链接数据库失败[Microsoft][ODBC 驱动程序管理器] 未发现数据源名称并且未指定默认驱动程序 QODBC3: Unable to connect"
10:20:24.577: [Debug] [MMYSQL\MFormMysql.cpp: 360]："链接数据库失败[Microsoft][ODBC 驱动程序管理器] 未发现数据源名称并且未指定默认驱动程序 QODBC3: Unable to connect"
10:20:25.585: [Debug] [MMYSQL\MFormMysql.cpp: 360]："链接数据库失败[Microsoft][ODBC 驱动程序管理器] 未发现数据源名称并且未指定默认驱动程序 QODBC3: Unable to connect"
10:20:26.590: [Debug] [MMYSQL\MFormMysql.cpp: 360]："链接数据库失败[Microsoft][ODBC 驱动程序管理器] 未发现数据源名称并且未指定默认驱动程序 QODBC3: Unable to connect"
10:20:27.602: [Debug] [MMYSQL\MFormMysql.cpp: 360]："链接数据库失败[Microsoft][ODBC 驱动程序管理器] 未发现数据源名称并且未指定默认驱动程序 QODBC3: Unable to connect"
10:20:28.614: [Debug] [MMYSQL\MFormMysql.cpp: 360]："链接数据库失败[Microsoft][ODBC 驱动程序管理器] 未发现数据源名称并且未指定默认驱动程序 QODBC3: Unable to connect"
10:20:29.624: [Debug] [MMYSQL\MFormMysql.cpp: 360]："链接数据库失败[Microsoft][ODBC 驱动程序管理器] 未发现数据源名称并且未指定默认驱动程序 QODBC3: Unable to connect"
10:20:30.635: [Debug] [MMYSQL\MFormMysql.cpp: 360]："链接数据库失败[Microsoft][ODBC 驱动程序管理器] 未发现数据源名称并且未指定默认驱动程序 QODBC3: Unable to connect"
10:20:31.648: [Debug] [MMYSQL\MFormMysql.cpp: 360]："链接数据库失败[Microsoft][ODBC 驱动程序管理器] 未发现数据源名称并且未指定默认驱动程序 QODBC3: Unable to connect"
10:20:32.663: [Debug] [MMYSQL\MFormMysql.cpp: 360]："链接数据库失败[Microsoft][ODBC 驱动程序管理器] 未发现数据源名称并且未指定默认驱动程序 QODBC3: Unable to connect"
10:20:33.675: [Debug] [MMYSQL\MFormMysql.cpp: 360]："链接数据库失败[Microsoft][ODBC 驱动程序管理器] 未发现数据源名称并且未指定默认驱动程序 QODBC3: Unable to connect"
10:20:34.681: [Debug] [MMYSQL\MFormMysql.cpp: 360]："链接数据库失败[Microsoft][ODBC 驱动程序管理器] 未发现数据源名称并且未指定默认驱动程序 QODBC3: Unable to connect"
10:20:35.694: [Debug] [MMYSQL\MFormMysql.cpp: 360]："链接数据库失败[Microsoft][ODBC 驱动程序管理器] 未发现数据源名称并且未指定默认驱动程序 QODBC3: Unable to connect"
10:20:36.702: [Debug] [MMYSQL\MFormMysql.cpp: 360]："链接数据库失败[Microsoft][ODBC 驱动程序管理器] 未发现数据源名称并且未指定默认驱动程序 QODBC3: Unable to connect"
10:20:37.718: [Debug] [MMYSQL\MFormMysql.cpp: 360]："链接数据库失败[Microsoft][ODBC 驱动程序管理器] 未发现数据源名称并且未指定默认驱动程序 QODBC3: Unable to connect"
10:20:38.729: [Debug] [MMYSQL\MFormMysql.cpp: 360]："链接数据库失败[Microsoft][ODBC 驱动程序管理器] 未发现数据源名称并且未指定默认驱动程序 QODBC3: Unable to connect"
10:20:39.741: [Debug] [MMYSQL\MFormMysql.cpp: 360]："链接数据库失败[Microsoft][ODBC 驱动程序管理器] 未发现数据源名称并且未指定默认驱动程序 QODBC3: Unable to connect"
10:20:40.752: [Debug] [MMYSQL\MFormMysql.cpp: 360]："链接数据库失败[Microsoft][ODBC 驱动程序管理器] 未发现数据源名称并且未指定默认驱动程序 QODBC3: Unable to connect"
10:20:41.767: [Debug] [MMYSQL\MFormMysql.cpp: 360]："链接数据库失败[Microsoft][ODBC 驱动程序管理器] 未发现数据源名称并且未指定默认驱动程序 QODBC3: Unable to connect"
10:20:42.776: [Debug] [MMYSQL\MFormMysql.cpp: 360]："链接数据库失败[Microsoft][ODBC 驱动程序管理器] 未发现数据源名称并且未指定默认驱动程序 QODBC3: Unable to connect"
10:20:43.784: [Debug] [MMYSQL\MFormMysql.cpp: 360]："链接数据库失败[Microsoft][ODBC 驱动程序管理器] 未发现数据源名称并且未指定默认驱动程序 QODBC3: Unable to connect"
10:20:44.800: [Debug] [MMYSQL\MFormMysql.cpp: 360]："链接数据库失败[Microsoft][ODBC 驱动程序管理器] 未发现数据源名称并且未指定默认驱动程序 QODBC3: Unable to connect"
10:20:45.813: [Debug] [MMYSQL\MFormMysql.cpp: 360]："链接数据库失败[Microsoft][ODBC 驱动程序管理器] 未发现数据源名称并且未指定默认驱动程序 QODBC3: Unable to connect"
10:20:46.821: [Debug] [MMYSQL\MFormMysql.cpp: 360]："链接数据库失败[Microsoft][ODBC 驱动程序管理器] 未发现数据源名称并且未指定默认驱动程序 QODBC3: Unable to connect"
10:20:47.832: [Debug] [MMYSQL\MFormMysql.cpp: 360]："链接数据库失败[Microsoft][ODBC 驱动程序管理器] 未发现数据源名称并且未指定默认驱动程序 QODBC3: Unable to connect"
10:20:48.841: [Debug] [MMYSQL\MFormMysql.cpp: 360]："链接数据库失败[Microsoft][ODBC 驱动程序管理器] 未发现数据源名称并且未指定默认驱动程序 QODBC3: Unable to connect"
10:20:49.851: [Debug] [MMYSQL\MFormMysql.cpp: 360]："链接数据库失败[Microsoft][ODBC 驱动程序管理器] 未发现数据源名称并且未指定默认驱动程序 QODBC3: Unable to connect"
10:20:50.864: [Debug] [MMYSQL\MFormMysql.cpp: 360]："链接数据库失败[Microsoft][ODBC 驱动程序管理器] 未发现数据源名称并且未指定默认驱动程序 QODBC3: Unable to connect"
10:20:51.872: [Debug] [MMYSQL\MFormMysql.cpp: 360]："链接数据库失败[Microsoft][ODBC 驱动程序管理器] 未发现数据源名称并且未指定默认驱动程序 QODBC3: Unable to connect"
10:20:52.875: [Debug] [MMYSQL\MFormMysql.cpp: 360]："链接数据库失败[Microsoft][ODBC 驱动程序管理器] 未发现数据源名称并且未指定默认驱动程序 QODBC3: Unable to connect"
10:20:53.887: [Debug] [MMYSQL\MFormMysql.cpp: 360]："链接数据库失败[Microsoft][ODBC 驱动程序管理器] 未发现数据源名称并且未指定默认驱动程序 QODBC3: Unable to connect"
10:20:54.899: [Debug] [MMYSQL\MFormMysql.cpp: 360]："链接数据库失败[Microsoft][ODBC 驱动程序管理器] 未发现数据源名称并且未指定默认驱动程序 QODBC3: Unable to connect"
10:20:55.912: [Debug] [MMYSQL\MFormMysql.cpp: 360]："链接数据库失败[Microsoft][ODBC 驱动程序管理器] 未发现数据源名称并且未指定默认驱动程序 QODBC3: Unable to connect"
10:20:56.921: [Debug] [MMYSQL\MFormMysql.cpp: 360]："链接数据库失败[Microsoft][ODBC 驱动程序管理器] 未发现数据源名称并且未指定默认驱动程序 QODBC3: Unable to connect"
10:20:57.933: [Debug] [MMYSQL\MFormMysql.cpp: 360]："链接数据库失败[Microsoft][ODBC 驱动程序管理器] 未发现数据源名称并且未指定默认驱动程序 QODBC3: Unable to connect"
10:20:58.944: [Debug] [MMYSQL\MFormMysql.cpp: 360]："链接数据库失败[Microsoft][ODBC 驱动程序管理器] 未发现数据源名称并且未指定默认驱动程序 QODBC3: Unable to connect"
10:20:59.952: [Debug] [MMYSQL\MFormMysql.cpp: 360]："链接数据库失败[Microsoft][ODBC 驱动程序管理器] 未发现数据源名称并且未指定默认驱动程序 QODBC3: Unable to connect"
10:21:00.967: [Debug] [MMYSQL\MFormMysql.cpp: 360]："链接数据库失败[Microsoft][ODBC 驱动程序管理器] 未发现数据源名称并且未指定默认驱动程序 QODBC3: Unable to connect"
10:21:01.976: [Debug] [MMYSQL\MFormMysql.cpp: 360]："链接数据库失败[Microsoft][ODBC 驱动程序管理器] 未发现数据源名称并且未指定默认驱动程序 QODBC3: Unable to connect"
10:21:02.988: [Debug] [MMYSQL\MFormMysql.cpp: 360]："链接数据库失败[Microsoft][ODBC 驱动程序管理器] 未发现数据源名称并且未指定默认驱动程序 QODBC3: Unable to connect"
10:21:04.005: [Debug] [MMYSQL\MFormMysql.cpp: 360]："链接数据库失败[Microsoft][ODBC 驱动程序管理器] 未发现数据源名称并且未指定默认驱动程序 QODBC3: Unable to connect"
10:21:05.019: [Debug] [MMYSQL\MFormMysql.cpp: 360]："链接数据库失败[Microsoft][ODBC 驱动程序管理器] 未发现数据源名称并且未指定默认驱动程序 QODBC3: Unable to connect"
10:21:06.037: [Debug] [MMYSQL\MFormMysql.cpp: 360]："链接数据库失败[Microsoft][ODBC 驱动程序管理器] 未发现数据源名称并且未指定默认驱动程序 QODBC3: Unable to connect"
10:21:07.045: [Debug] [MMYSQL\MFormMysql.cpp: 360]："链接数据库失败[Microsoft][ODBC 驱动程序管理器] 未发现数据源名称并且未指定默认驱动程序 QODBC3: Unable to connect"
10:21:08.053: [Debug] [MMYSQL\MFormMysql.cpp: 360]："链接数据库失败[Microsoft][ODBC 驱动程序管理器] 未发现数据源名称并且未指定默认驱动程序 QODBC3: Unable to connect"
10:21:09.068: [Debug] [MMYSQL\MFormMysql.cpp: 360]："链接数据库失败[Microsoft][ODBC 驱动程序管理器] 未发现数据源名称并且未指定默认驱动程序 QODBC3: Unable to connect"
10:21:10.081: [Debug] [MMYSQL\MFormMysql.cpp: 360]："链接数据库失败[Microsoft][ODBC 驱动程序管理器] 未发现数据源名称并且未指定默认驱动程序 QODBC3: Unable to connect"
10:21:11.095: [Debug] [MMYSQL\MFormMysql.cpp: 360]："链接数据库失败[Microsoft][ODBC 驱动程序管理器] 未发现数据源名称并且未指定默认驱动程序 QODBC3: Unable to connect"
10:21:12.106: [Debug] [MMYSQL\MFormMysql.cpp: 360]："链接数据库失败[Microsoft][ODBC 驱动程序管理器] 未发现数据源名称并且未指定默认驱动程序 QODBC3: Unable to connect"
10:21:13.114: [Debug] [MMYSQL\MFormMysql.cpp: 360]："链接数据库失败[Microsoft][ODBC 驱动程序管理器] 未发现数据源名称并且未指定默认驱动程序 QODBC3: Unable to connect"
10:21:14.131: [Debug] [MMYSQL\MFormMysql.cpp: 360]："链接数据库失败[Microsoft][ODBC 驱动程序管理器] 未发现数据源名称并且未指定默认驱动程序 QODBC3: Unable to connect"
10:21:15.142: [Debug] [MMYSQL\MFormMysql.cpp: 360]："链接数据库失败[Microsoft][ODBC 驱动程序管理器] 未发现数据源名称并且未指定默认驱动程序 QODBC3: Unable to connect"
10:21:16.158: [Debug] [MMYSQL\MFormMysql.cpp: 360]："链接数据库失败[Microsoft][ODBC 驱动程序管理器] 未发现数据源名称并且未指定默认驱动程序 QODBC3: Unable to connect"
10:21:17.169: [Debug] [MMYSQL\MFormMysql.cpp: 360]："链接数据库失败[Microsoft][ODBC 驱动程序管理器] 未发现数据源名称并且未指定默认驱动程序 QODBC3: Unable to connect"
10:21:18.175: [Debug] [MMYSQL\MFormMysql.cpp: 360]："链接数据库失败[Microsoft][ODBC 驱动程序管理器] 未发现数据源名称并且未指定默认驱动程序 QODBC3: Unable to connect"
10:21:19.190: [Debug] [MMYSQL\MFormMysql.cpp: 360]："链接数据库失败[Microsoft][ODBC 驱动程序管理器] 未发现数据源名称并且未指定默认驱动程序 QODBC3: Unable to connect"
10:21:20.199: [Debug] [MMYSQL\MFormMysql.cpp: 360]："链接数据库失败[Microsoft][ODBC 驱动程序管理器] 未发现数据源名称并且未指定默认驱动程序 QODBC3: Unable to connect"
10:21:21.209: [Debug] [MMYSQL\MFormMysql.cpp: 360]："链接数据库失败[Microsoft][ODBC 驱动程序管理器] 未发现数据源名称并且未指定默认驱动程序 QODBC3: Unable to connect"
10:21:22.215: [Debug] [MMYSQL\MFormMysql.cpp: 360]："链接数据库失败[Microsoft][ODBC 驱动程序管理器] 未发现数据源名称并且未指定默认驱动程序 QODBC3: Unable to connect"
10:21:23.229: [Debug] [MMYSQL\MFormMysql.cpp: 360]："链接数据库失败[Microsoft][ODBC 驱动程序管理器] 未发现数据源名称并且未指定默认驱动程序 QODBC3: Unable to connect"
10:21:24.238: [Debug] [MMYSQL\MFormMysql.cpp: 360]："链接数据库失败[Microsoft][ODBC 驱动程序管理器] 未发现数据源名称并且未指定默认驱动程序 QODBC3: Unable to connect"
10:21:25.241: [Debug] [MMYSQL\MFormMysql.cpp: 360]："链接数据库失败[Microsoft][ODBC 驱动程序管理器] 未发现数据源名称并且未指定默认驱动程序 QODBC3: Unable to connect"
10:21:26.256: [Debug] [MMYSQL\MFormMysql.cpp: 360]："链接数据库失败[Microsoft][ODBC 驱动程序管理器] 未发现数据源名称并且未指定默认驱动程序 QODBC3: Unable to connect"
10:21:27.273: [Debug] [MMYSQL\MFormMysql.cpp: 360]："链接数据库失败[Microsoft][ODBC 驱动程序管理器] 未发现数据源名称并且未指定默认驱动程序 QODBC3: Unable to connect"
10:21:28.290: [Debug] [MMYSQL\MFormMysql.cpp: 360]："链接数据库失败[Microsoft][ODBC 驱动程序管理器] 未发现数据源名称并且未指定默认驱动程序 QODBC3: Unable to connect"
10:21:29.301: [Debug] [MMYSQL\MFormMysql.cpp: 360]："链接数据库失败[Microsoft][ODBC 驱动程序管理器] 未发现数据源名称并且未指定默认驱动程序 QODBC3: Unable to connect"
10:21:30.317: [Debug] [MMYSQL\MFormMysql.cpp: 360]："链接数据库失败[Microsoft][ODBC 驱动程序管理器] 未发现数据源名称并且未指定默认驱动程序 QODBC3: Unable to connect"
10:21:31.328: [Debug] [MMYSQL\MFormMysql.cpp: 360]："链接数据库失败[Microsoft][ODBC 驱动程序管理器] 未发现数据源名称并且未指定默认驱动程序 QODBC3: Unable to connect"
10:21:32.337: [Debug] [MMYSQL\MFormMysql.cpp: 360]："链接数据库失败[Microsoft][ODBC 驱动程序管理器] 未发现数据源名称并且未指定默认驱动程序 QODBC3: Unable to connect"
10:21:33.349: [Debug] [MMYSQL\MFormMysql.cpp: 360]："链接数据库失败[Microsoft][ODBC 驱动程序管理器] 未发现数据源名称并且未指定默认驱动程序 QODBC3: Unable to connect"
10:21:34.362: [Debug] [MMYSQL\MFormMysql.cpp: 360]："链接数据库失败[Microsoft][ODBC 驱动程序管理器] 未发现数据源名称并且未指定默认驱动程序 QODBC3: Unable to connect"
10:21:35.365: [Debug] [MMYSQL\MFormMysql.cpp: 360]："链接数据库失败[Microsoft][ODBC 驱动程序管理器] 未发现数据源名称并且未指定默认驱动程序 QODBC3: Unable to connect"
10:21:36.376: [Debug] [MMYSQL\MFormMysql.cpp: 360]："链接数据库失败[Microsoft][ODBC 驱动程序管理器] 未发现数据源名称并且未指定默认驱动程序 QODBC3: Unable to connect"
10:21:37.394: [Debug] [MMYSQL\MFormMysql.cpp: 360]："链接数据库失败[Microsoft][ODBC 驱动程序管理器] 未发现数据源名称并且未指定默认驱动程序 QODBC3: Unable to connect"
10:21:38.409: [Debug] [MMYSQL\MFormMysql.cpp: 360]："链接数据库失败[Microsoft][ODBC 驱动程序管理器] 未发现数据源名称并且未指定默认驱动程序 QODBC3: Unable to connect"
10:21:39.424: [Debug] [MMYSQL\MFormMysql.cpp: 360]："链接数据库失败[Microsoft][ODBC 驱动程序管理器] 未发现数据源名称并且未指定默认驱动程序 QODBC3: Unable to connect"
10:21:40.433: [Debug] [MMYSQL\MFormMysql.cpp: 360]："链接数据库失败[Microsoft][ODBC 驱动程序管理器] 未发现数据源名称并且未指定默认驱动程序 QODBC3: Unable to connect"
10:21:41.451: [Debug] [MMYSQL\MFormMysql.cpp: 360]："链接数据库失败[Microsoft][ODBC 驱动程序管理器] 未发现数据源名称并且未指定默认驱动程序 QODBC3: Unable to connect"
10:21:42.461: [Debug] [MMYSQL\MFormMysql.cpp: 360]："链接数据库失败[Microsoft][ODBC 驱动程序管理器] 未发现数据源名称并且未指定默认驱动程序 QODBC3: Unable to connect"
10:21:43.465: [Debug] [MMYSQL\MFormMysql.cpp: 360]："链接数据库失败[Microsoft][ODBC 驱动程序管理器] 未发现数据源名称并且未指定默认驱动程序 QODBC3: Unable to connect"
10:21:44.483: [Debug] [MMYSQL\MFormMysql.cpp: 360]："链接数据库失败[Microsoft][ODBC 驱动程序管理器] 未发现数据源名称并且未指定默认驱动程序 QODBC3: Unable to connect"
10:21:45.493: [Debug] [MMYSQL\MFormMysql.cpp: 360]："链接数据库失败[Microsoft][ODBC 驱动程序管理器] 未发现数据源名称并且未指定默认驱动程序 QODBC3: Unable to connect"
10:21:46.508: [Debug] [MMYSQL\MFormMysql.cpp: 360]："链接数据库失败[Microsoft][ODBC 驱动程序管理器] 未发现数据源名称并且未指定默认驱动程序 QODBC3: Unable to connect"
10:21:47.526: [Debug] [MMYSQL\MFormMysql.cpp: 360]："链接数据库失败[Microsoft][ODBC 驱动程序管理器] 未发现数据源名称并且未指定默认驱动程序 QODBC3: Unable to connect"
10:21:48.531: [Debug] [MMYSQL\MFormMysql.cpp: 360]："链接数据库失败[Microsoft][ODBC 驱动程序管理器] 未发现数据源名称并且未指定默认驱动程序 QODBC3: Unable to connect"
10:21:49.542: [Debug] [MMYSQL\MFormMysql.cpp: 360]："链接数据库失败[Microsoft][ODBC 驱动程序管理器] 未发现数据源名称并且未指定默认驱动程序 QODBC3: Unable to connect"
10:21:50.556: [Debug] [MMYSQL\MFormMysql.cpp: 360]："链接数据库失败[Microsoft][ODBC 驱动程序管理器] 未发现数据源名称并且未指定默认驱动程序 QODBC3: Unable to connect"
10:21:51.569: [Debug] [MMYSQL\MFormMysql.cpp: 360]："链接数据库失败[Microsoft][ODBC 驱动程序管理器] 未发现数据源名称并且未指定默认驱动程序 QODBC3: Unable to connect"
10:21:52.584: [Debug] [MMYSQL\MFormMysql.cpp: 360]："链接数据库失败[Microsoft][ODBC 驱动程序管理器] 未发现数据源名称并且未指定默认驱动程序 QODBC3: Unable to connect"
10:21:53.600: [Debug] [MMYSQL\MFormMysql.cpp: 360]："链接数据库失败[Microsoft][ODBC 驱动程序管理器] 未发现数据源名称并且未指定默认驱动程序 QODBC3: Unable to connect"
10:21:54.614: [Debug] [MMYSQL\MFormMysql.cpp: 360]："链接数据库失败[Microsoft][ODBC 驱动程序管理器] 未发现数据源名称并且未指定默认驱动程序 QODBC3: Unable to connect"
10:21:55.630: [Debug] [MMYSQL\MFormMysql.cpp: 360]："链接数据库失败[Microsoft][ODBC 驱动程序管理器] 未发现数据源名称并且未指定默认驱动程序 QODBC3: Unable to connect"
10:21:56.644: [Debug] [MMYSQL\MFormMysql.cpp: 360]："链接数据库失败[Microsoft][ODBC 驱动程序管理器] 未发现数据源名称并且未指定默认驱动程序 QODBC3: Unable to connect"
10:21:57.658: [Debug] [MMYSQL\MFormMysql.cpp: 360]："链接数据库失败[Microsoft][ODBC 驱动程序管理器] 未发现数据源名称并且未指定默认驱动程序 QODBC3: Unable to connect"
10:21:58.674: [Debug] [MMYSQL\MFormMysql.cpp: 360]："链接数据库失败[Microsoft][ODBC 驱动程序管理器] 未发现数据源名称并且未指定默认驱动程序 QODBC3: Unable to connect"
10:21:59.689: [Debug] [MMYSQL\MFormMysql.cpp: 360]："链接数据库失败[Microsoft][ODBC 驱动程序管理器] 未发现数据源名称并且未指定默认驱动程序 QODBC3: Unable to connect"
10:22:00.704: [Debug] [MMYSQL\MFormMysql.cpp: 360]："链接数据库失败[Microsoft][ODBC 驱动程序管理器] 未发现数据源名称并且未指定默认驱动程序 QODBC3: Unable to connect"
10:22:01.720: [Debug] [MMYSQL\MFormMysql.cpp: 360]："链接数据库失败[Microsoft][ODBC 驱动程序管理器] 未发现数据源名称并且未指定默认驱动程序 QODBC3: Unable to connect"
10:22:02.721: [Debug] [MMYSQL\MFormMysql.cpp: 360]："链接数据库失败[Microsoft][ODBC 驱动程序管理器] 未发现数据源名称并且未指定默认驱动程序 QODBC3: Unable to connect"
10:22:03.732: [Debug] [MMYSQL\MFormMysql.cpp: 360]："链接数据库失败[Microsoft][ODBC 驱动程序管理器] 未发现数据源名称并且未指定默认驱动程序 QODBC3: Unable to connect"
10:22:04.735: [Debug] [MMYSQL\MFormMysql.cpp: 360]："链接数据库失败[Microsoft][ODBC 驱动程序管理器] 未发现数据源名称并且未指定默认驱动程序 QODBC3: Unable to connect"
10:22:05.749: [Debug] [MMYSQL\MFormMysql.cpp: 360]："链接数据库失败[Microsoft][ODBC 驱动程序管理器] 未发现数据源名称并且未指定默认驱动程序 QODBC3: Unable to connect"
10:22:06.762: [Debug] [MMYSQL\MFormMysql.cpp: 360]："链接数据库失败[Microsoft][ODBC 驱动程序管理器] 未发现数据源名称并且未指定默认驱动程序 QODBC3: Unable to connect"
10:22:07.777: [Debug] [MMYSQL\MFormMysql.cpp: 360]："链接数据库失败[Microsoft][ODBC 驱动程序管理器] 未发现数据源名称并且未指定默认驱动程序 QODBC3: Unable to connect"
10:22:08.779: [Debug] [MMYSQL\MFormMysql.cpp: 360]："链接数据库失败[Microsoft][ODBC 驱动程序管理器] 未发现数据源名称并且未指定默认驱动程序 QODBC3: Unable to connect"
10:22:09.800: [Debug] [MMYSQL\MFormMysql.cpp: 360]："链接数据库失败[Microsoft][ODBC 驱动程序管理器] 未发现数据源名称并且未指定默认驱动程序 QODBC3: Unable to connect"
10:22:10.820: [Debug] [MMYSQL\MFormMysql.cpp: 360]："链接数据库失败[Microsoft][ODBC 驱动程序管理器] 未发现数据源名称并且未指定默认驱动程序 QODBC3: Unable to connect"
10:22:11.833: [Debug] [MMYSQL\MFormMysql.cpp: 360]："链接数据库失败[Microsoft][ODBC 驱动程序管理器] 未发现数据源名称并且未指定默认驱动程序 QODBC3: Unable to connect"
10:22:12.852: [Debug] [MMYSQL\MFormMysql.cpp: 360]："链接数据库失败[Microsoft][ODBC 驱动程序管理器] 未发现数据源名称并且未指定默认驱动程序 QODBC3: Unable to connect"
10:22:13.862: [Debug] [MMYSQL\MFormMysql.cpp: 360]："链接数据库失败[Microsoft][ODBC 驱动程序管理器] 未发现数据源名称并且未指定默认驱动程序 QODBC3: Unable to connect"
10:22:14.873: [Debug] [MMYSQL\MFormMysql.cpp: 360]："链接数据库失败[Microsoft][ODBC 驱动程序管理器] 未发现数据源名称并且未指定默认驱动程序 QODBC3: Unable to connect"
10:22:15.876: [Debug] [MMYSQL\MFormMysql.cpp: 360]："链接数据库失败[Microsoft][ODBC 驱动程序管理器] 未发现数据源名称并且未指定默认驱动程序 QODBC3: Unable to connect"
10:22:16.892: [Debug] [MMYSQL\MFormMysql.cpp: 360]："链接数据库失败[Microsoft][ODBC 驱动程序管理器] 未发现数据源名称并且未指定默认驱动程序 QODBC3: Unable to connect"
10:22:17.905: [Debug] [MMYSQL\MFormMysql.cpp: 360]："链接数据库失败[Microsoft][ODBC 驱动程序管理器] 未发现数据源名称并且未指定默认驱动程序 QODBC3: Unable to connect"
10:22:18.923: [Debug] [MMYSQL\MFormMysql.cpp: 360]："链接数据库失败[Microsoft][ODBC 驱动程序管理器] 未发现数据源名称并且未指定默认驱动程序 QODBC3: Unable to connect"
